#
# There is insufficient memory for the Java Runtime Environment to continue.
# Native memory allocation (malloc) failed to allocate 1048576 bytes for AllocateHeap
# Possible reasons:
#   The system is out of physical RAM or swap space
#   The process is running with CompressedOops enabled, and the Java Heap may be blocking the growth of the native heap
# Possible solutions:
#   Reduce memory load on the system
#   Increase physical memory or swap space
#   Check if swap backing store is full
#   Decrease Java heap size (-Xmx/-Xms)
#   Decrease number of Java threads
#   Decrease Java thread stack sizes (-Xss)
#   Set larger code cache with -XX:ReservedCodeCacheSize=
#   JVM is running with Zero Based Compressed Oops mode in which the Java heap is
#     placed in the first 32GB address space. The Java Heap base address is the
#     maximum limit for the native heap growth. Please use -XX:HeapBaseMinAddress
#     to set the Java Heap base and to place the Java Heap above 32GB virtual address.
# This output file may be truncated or incomplete.
#
#  Out of Memory Error (memory/allocation.inline.hpp:61), pid=14656, tid=0x00000000000046b4
#
# JRE version:  (8.0_281-b09) (build )
# Java VM: Java HotSpot(TM) 64-Bit Server VM (25.281-b09 mixed mode windows-amd64 compressed oops)
# Failed to write core dump. Minidumps are not enabled by default on client versions of Windows
#

---------------  T H R E A D  ---------------

Current thread (0x00000264ffe26800):  JavaThread "Unknown thread" [_thread_in_vm, id=18100, stack(0x000000abaf800000,0x000000abaf900000)]

Stack: [0x000000abaf800000,0x000000abaf900000]
Native frames: (J=compiled Java code, j=interpreted, Vv=VM code, C=native code)
V  [jvm.dll+0x32e5b9]
V  [jvm.dll+0x275012]
V  [jvm.dll+0x275cbd]
V  [jvm.dll+0x26c6f5]
V  [jvm.dll+0x509d]
V  [jvm.dll+0x3c8d4d]
V  [jvm.dll+0x3c9aca]
V  [jvm.dll+0x3c5a67]
V  [jvm.dll+0xfcaaf]
V  [jvm.dll+0x209a1b]
V  [jvm.dll+0x2383d7]
V  [jvm.dll+0x162566]
C  [java.exe+0x2312]
C  [java.exe+0x15f54]
C  [KERNEL32.DLL+0x1257d]
C  [ntdll.dll+0x5aa58]


---------------  P R O C E S S  ---------------

Java Threads: ( => current thread )

Other Threads:

=>0x00000264ffe26800 (exited) JavaThread "Unknown thread" [_thread_in_vm, id=18100, stack(0x000000abaf800000,0x000000abaf900000)]

VM state:not at safepoint (normal execution)

VM Mutex/Monitor currently owned by a thread: None

heap address: 0x00000006c2200000, size: 4062 MB, Compressed Oops mode: Zero based, Oop shift amount: 3
Narrow klass base: 0x0000000000000000, Narrow klass shift: 3
Compressed class space size: 1073741824 Address: 0x00000007c0000000

Heap:
 PSYoungGen      total 75776K, used 1300K [0x000000076b600000, 0x0000000770a80000, 0x00000007c0000000)
  eden space 65024K, 2% used [0x000000076b600000,0x000000076b7451f8,0x000000076f580000)
  from space 10752K, 0% used [0x0000000770000000,0x0000000770000000,0x0000000770a80000)
  to   space 10752K, 0% used [0x000000076f580000,0x000000076f580000,0x0000000770000000)
 ParOldGen       total 173568K, used 0K [0x00000006c2200000, 0x00000006ccb80000, 0x000000076b600000)
  object space 173568K, 0% used [0x00000006c2200000,0x00000006c2200000,0x00000006ccb80000)
 Metaspace       used 777K, capacity 4480K, committed 4480K, reserved 1056768K
  class space    used 76K, capacity 384K, committed 384K, reserved 1048576K

Card table byte_map: [0x0000026490c60000,0x0000026491450000] byte_map_base: 0x000002648d64f000

Marking Bits: (ParMarkBitMap*) 0x000000006b056ff0
 Begin Bits: [0x00000264919a0000, 0x0000026495918000)
 End Bits:   [0x0000026495918000, 0x0000026499890000)

Polling page: 0x00000264800a0000

CodeCache: size=245760Kb used=328Kb max_used=328Kb free=245431Kb
 bounds [0x00000264818a0000, 0x0000026481b10000, 0x00000264908a0000]
 total_blobs=58 nmethods=0 adapters=38
 compilation: enabled

Compilation events (0 events):
No events

GC Heap History (0 events):
No events

Deoptimization events (0 events):
No events

Classes redefined (0 events):
No events

Internal exceptions (0 events):
No events

Events (10 events):
Event: 0.055 loading class java/lang/Short
Event: 0.055 loading class java/lang/Short done
Event: 0.056 loading class java/lang/Integer
Event: 0.056 loading class java/lang/Integer done
Event: 0.056 loading class java/lang/Long
Event: 0.056 loading class java/lang/Long done
Event: 0.057 loading class java/lang/NullPointerException
Event: 0.057 loading class java/lang/NullPointerException done
Event: 0.057 loading class java/lang/ArithmeticException
Event: 0.058 loading class java/lang/ArithmeticException done


Dynamic libraries:
0x00007ff79c490000 - 0x00007ff79c4d7000 	C:\Program Files\Java\jdk1.8.0_281\bin\java.exe
0x00007ffeddf50000 - 0x00007ffede167000 	C:\WINDOWS\SYSTEM32\ntdll.dll
0x00007ffedc690000 - 0x00007ffedc754000 	C:\WINDOWS\System32\KERNEL32.DLL
0x00007ffedb6b0000 - 0x00007ffedba56000 	C:\WINDOWS\System32\KERNELBASE.dll
0x00007ffed8630000 - 0x00007ffed86c7000 	C:\WINDOWS\SYSTEM32\apphelp.dll
0x00007ffedc300000 - 0x00007ffedc3b3000 	C:\WINDOWS\System32\ADVAPI32.dll
0x00007ffedcb40000 - 0x00007ffedcbe7000 	C:\WINDOWS\System32\msvcrt.dll
0x00007ffedc4c0000 - 0x00007ffedc568000 	C:\WINDOWS\System32\sechost.dll
0x00007ffedb560000 - 0x00007ffedb588000 	C:\WINDOWS\System32\bcrypt.dll
0x00007ffedd450000 - 0x00007ffedd567000 	C:\WINDOWS\System32\RPCRT4.dll
0x00007ffedd2a0000 - 0x00007ffedd44e000 	C:\WINDOWS\System32\USER32.dll
0x00007ffedbc70000 - 0x00007ffedbc96000 	C:\WINDOWS\System32\win32u.dll
0x00007ffedc770000 - 0x00007ffedc799000 	C:\WINDOWS\System32\GDI32.dll
0x00007ffedb590000 - 0x00007ffedb6a8000 	C:\WINDOWS\System32\gdi32full.dll
0x00007ffedba60000 - 0x00007ffedbafa000 	C:\WINDOWS\System32\msvcp_win.dll
0x00007ffedb290000 - 0x00007ffedb3a1000 	C:\WINDOWS\System32\ucrtbase.dll
0x00007ffebdba0000 - 0x00007ffebde33000 	C:\WINDOWS\WinSxS\amd64_microsoft.windows.common-controls_6595b64144ccf1df_6.0.22621.2506_none_270c5ae97388e100\COMCTL32.dll
0x00007ffedded0000 - 0x00007ffeddf01000 	C:\WINDOWS\System32\IMM32.DLL
0x00007ffeac680000 - 0x00007ffeac695000 	C:\Program Files\Java\jdk1.8.0_281\jre\bin\vcruntime140.dll
0x00007ffe867e0000 - 0x00007ffe8687b000 	C:\Program Files\Java\jdk1.8.0_281\jre\bin\msvcp140.dll
0x000000006a870000 - 0x000000006b0cf000 	C:\Program Files\Java\jdk1.8.0_281\jre\bin\server\jvm.dll
0x00007ffedbd70000 - 0x00007ffedbd78000 	C:\WINDOWS\System32\PSAPI.DLL
0x00007ffeafd50000 - 0x00007ffeafd59000 	C:\WINDOWS\SYSTEM32\WSOCK32.dll
0x00007ffedd220000 - 0x00007ffedd291000 	C:\WINDOWS\System32\WS2_32.dll
0x00007ffed3690000 - 0x00007ffed36c4000 	C:\WINDOWS\SYSTEM32\WINMM.dll
0x00007ffed40a0000 - 0x00007ffed40aa000 	C:\WINDOWS\SYSTEM32\VERSION.dll
0x00007ffeda370000 - 0x00007ffeda388000 	C:\WINDOWS\SYSTEM32\kernel.appcore.dll
0x00007ffebffa0000 - 0x00007ffebffb0000 	C:\Program Files\Java\jdk1.8.0_281\jre\bin\verify.dll
0x00007ffea7050000 - 0x00007ffea707b000 	C:\Program Files\Java\jdk1.8.0_281\jre\bin\java.dll
0x00007ffeb7600000 - 0x00007ffeb7630000 	C:\Program Files\Java\jdk1.8.0_281\jre\bin\instrument.dll
0x00007ffea9650000 - 0x00007ffea9668000 	C:\Program Files\Java\jdk1.8.0_281\jre\bin\zip.dll
0x00007ffed38c0000 - 0x00007ffed3af3000 	C:\WINDOWS\SYSTEM32\dbghelp.dll
0x00007ffedc7b0000 - 0x00007ffedcb39000 	C:\WINDOWS\System32\combase.dll
0x00007ffedc3e0000 - 0x00007ffedc4b7000 	C:\WINDOWS\System32\OLEAUT32.dll
0x00007ffedb420000 - 0x00007ffedb49a000 	C:\WINDOWS\System32\bcryptPrimitives.dll

VM Arguments:
jvm_args: -javaagent:C:\Program Files\JetBrains\IntelliJ IDEA Community Edition 2023.3.2\lib\idea_rt.jar=50746:C:\Program Files\JetBrains\IntelliJ IDEA Community Edition 2023.3.2\bin -Dfile.encoding=UTF-8 
java_command: com.example.demo.SpotifyIntegrationApplicationKt
java_class_path (initial): C:\Program Files\Java\jdk1.8.0_281\jre\lib\charsets.jar;C:\Program Files\Java\jdk1.8.0_281\jre\lib\deploy.jar;C:\Program Files\Java\jdk1.8.0_281\jre\lib\ext\access-bridge-64.jar;C:\Program Files\Java\jdk1.8.0_281\jre\lib\ext\cldrdata.jar;C:\Program Files\Java\jdk1.8.0_281\jre\lib\ext\dnsns.jar;C:\Program Files\Java\jdk1.8.0_281\jre\lib\ext\jaccess.jar;C:\Program Files\Java\jdk1.8.0_281\jre\lib\ext\jfxrt.jar;C:\Program Files\Java\jdk1.8.0_281\jre\lib\ext\localedata.jar;C:\Program Files\Java\jdk1.8.0_281\jre\lib\ext\nashorn.jar;C:\Program Files\Java\jdk1.8.0_281\jre\lib\ext\sunec.jar;C:\Program Files\Java\jdk1.8.0_281\jre\lib\ext\sunjce_provider.jar;C:\Program Files\Java\jdk1.8.0_281\jre\lib\ext\sunmscapi.jar;C:\Program Files\Java\jdk1.8.0_281\jre\lib\ext\sunpkcs11.jar;C:\Program Files\Java\jdk1.8.0_281\jre\lib\ext\zipfs.jar;C:\Program Files\Java\jdk1.8.0_281\jre\lib\javaws.jar;C:\Program Files\Java\jdk1.8.0_281\jre\lib\jce.jar;C:\Program Files\Java\jdk1.8.0_281\jre\lib\jfr.jar;C:\Program Files\Java\jdk1.8.0_281\jre\lib\jfxswt.jar;C:\Program Files\Java\jdk1.8.0_281\jre\lib\jsse.jar;C:\Program Files\Java\jdk1.8.0_281\jre\lib\management-agent.jar;C:\Program Files\Java\jdk1.8.0_281\jre\lib\plugin.jar;C:\Program Files\Java\jdk1.8.0_281\jre\lib\resources.jar;C:\Program Files\Java\jdk1.8.0_281\jre\lib\rt.jar;C:\Users\joaoe\Desktop\Projeto Spotify\demo\build\classes\kotlin\main;C:\Users\joaoe\Desktop\Projeto Spotify\demo\build\resources\main;C:\Users\joaoe\.gradle\caches\modules-2\files-2.1\org.springframework.boot\spring-boot-starter-web\3.2.2\b89d213d9f49c3e6247b2503ac7d94b0ac8260f6\spring-boot-starter-web-3.2.2.jar;C:\Users\joaoe\.gradle\caches\modules-2\files-2.1\com.fasterxml.jackson.module\jackson-module-kotlin\2.15.3\36ea7813ada694e67f562ff1dc6f3b47883e373\jackson-module-kotlin-2.15.3.jar;C:\Users\joaoe\.gradle\caches\modules-2\files-2.1\org.jetbrains.kotlin\kotlin-reflect\1.9.22\761ab33cf85f03a3a24595e1b92639d82e7a9564\kotlin-reflect-1.9.
Launcher Type: SUN_STANDARD

Environment Variables:
PATH=C:\Program Files\Google\Chrome\Application;C:\Program Files (x86)\Common Files\Oracle\Java\javapath;C:\Windows\system32;C:\Windows;C:\Windows\System32\Wbem;C:\Windows\System32\WindowsPowerShell\v1.0\;C:\Windows\System32\OpenSSH\;C:\Program Files\Intel\WiFi\bin\;C:\Program Files\Common Files\Intel\WirelessCommon\;C:\Program Files\Git\cmd;C:\ProgramData\chocolatey\bin;C:\WINDOWS\system32;C:\WINDOWS;C:\WINDOWS\System32\Wbem;C:\WINDOWS\System32\WindowsPowerShell\v1.0\;C:\WINDOWS\System32\OpenSSH\;C:\Program Files\dotnet\;C:\Program Files\NVIDIA Corporation\NVIDIA NvDLISR;C:\Program Files (x86)\NVIDIA Corporation\PhysX\Common;C:\Users\joaoe\.krew\bin;;C:\WINDOWS\system32;C:\WINDOWS;C:\WINDOWS\System32\Wbem;C:\WINDOWS\System32\WindowsPowerShell\v1.0\;C:\WINDOWS\System32\OpenSSH\;C:\Program Files (x86)\Microsoft SQL Server\160\DTS\Binn\;C:\Program Files\Azure Data Studio\bin;C:\Program Files (x86)\Intel\Intel(R) Management Engine Components\DAL;C:\Program Files\Intel\Intel(R) Management Engine Components\DAL;C:\Users\joaoe\AppData\Local\Microsoft\WindowsApps;C:\Users\joaoe\AppData\Local\Programs\Microsoft VS Code\bin;C:\Program Files\Salesforce CLI\bin;C:\Users\joaoe\.krew\bin;;C:\Program Files\Azure Data Studio\bin
USERNAME=joaoe
OS=Windows_NT
PROCESSOR_IDENTIFIER=Intel64 Family 6 Model 142 Stepping 10, GenuineIntel



---------------  S Y S T E M  ---------------

OS: Windows 10.0 , 64 bit Build 22621 (10.0.22621.2506)

CPU:total 8 (initial active 8) (4 cores per cpu, 2 threads per core) family 6 model 142 stepping 10, cmov, cx8, fxsr, mmx, sse, sse2, sse3, ssse3, sse4.1, sse4.2, popcnt, avx, avx2, aes, clmul, erms, rtm, 3dnowpref, lzcnt, ht, tsc, tscinvbit, bmi1, bmi2, adx

Memory: 4k page, physical 16632244k(483208k free), swap 20826548k(5212k free)

vm_info: Java HotSpot(TM) 64-Bit Server VM (25.281-b09) for windows-amd64 JRE (1.8.0_281-b09), built on Dec  9 2020 13:54:07 by "" with MS VC++ 15.9 (VS2017)

time: Wed Jan 24 11:45:42 2024
timezone: Hora Padrão de Buenos Aires
elapsed time: 0.131799 seconds (0d 0h 0m 0s)

