#
# There is insufficient memory for the Java Runtime Environment to continue.
# Native memory allocation (malloc) failed to allocate 451984 bytes for Chunk::new
# Possible reasons:
#   The system is out of physical RAM or swap space
#   The process is running with CompressedOops enabled, and the Java Heap may be blocking the growth of the native heap
# Possible solutions:
#   Reduce memory load on the system
#   Increase physical memory or swap space
#   Check if swap backing store is full
#   Decrease Java heap size (-Xmx/-Xms)
#   Decrease number of Java threads
#   Decrease Java thread stack sizes (-Xss)
#   Set larger code cache with -XX:ReservedCodeCacheSize=
#   JVM is running with Zero Based Compressed Oops mode in which the Java heap is
#     placed in the first 32GB address space. The Java Heap base address is the
#     maximum limit for the native heap growth. Please use -XX:HeapBaseMinAddress
#     to set the Java Heap base and to place the Java Heap above 32GB virtual address.
# This output file may be truncated or incomplete.
#
#  Out of Memory Error (arena.cpp:189), pid=2616, tid=23952
#
# JRE version: Java(TM) SE Runtime Environment (17.0.10+11) (build 17.0.10+11-LTS-240)
# Java VM: Java HotSpot(TM) 64-Bit Server VM (17.0.10+11-LTS-240, mixed mode, sharing, tiered, compressed oops, compressed class ptrs, g1 gc, windows-amd64)
# No core dump will be written. Minidumps are not enabled by default on client versions of Windows
#

---------------  S U M M A R Y ------------

Command Line: -javaagent:C:\Program Files\JetBrains\IntelliJ IDEA Community Edition 2023.3.2\lib\idea_rt.jar=54406:C:\Program Files\JetBrains\IntelliJ IDEA Community Edition 2023.3.2\bin -Dfile.encoding=UTF-8 com.example.demo.SpotifyIntegrationApplicationKt

Host: Intel(R) Core(TM) i7-8650U CPU @ 1.90GHz, 8 cores, 15G,  Windows 11 , 64 bit Build 22621 (10.0.22621.3672)
Time: Fri Jun 21 02:11:49 2024 Hora Padrão de Buenos Aires elapsed time: 265.724737 seconds (0d 0h 4m 25s)

---------------  T H R E A D  ---------------

Current thread (0x0000013aaa21f840):  JavaThread "C2 CompilerThread0" daemon [_thread_in_native, id=23952, stack(0x000000035db00000,0x000000035dc00000)]


Current CompileTask:
C2: 265725 4524  s    4       java.util.jar.JarFile::getInputStream (72 bytes)

Stack: [0x000000035db00000,0x000000035dc00000]
Native frames: (J=compiled Java code, j=interpreted, Vv=VM code, C=native code)
V  [jvm.dll+0x677a5a]
V  [jvm.dll+0x7d8b2d]
V  [jvm.dll+0x7da48e]
V  [jvm.dll+0x7daaf3]
V  [jvm.dll+0x2455ff]
V  [jvm.dll+0xaaafb]
V  [jvm.dll+0xab09c]
V  [jvm.dll+0x361bae]
V  [jvm.dll+0x32c211]
V  [jvm.dll+0x32b6aa]
V  [jvm.dll+0x21794f]
V  [jvm.dll+0x216d81]
V  [jvm.dll+0x1a3410]
V  [jvm.dll+0x226aeb]
V  [jvm.dll+0x224cab]
V  [jvm.dll+0x78e45c]
V  [jvm.dll+0x78888a]
V  [jvm.dll+0x676935]
C  [ucrtbase.dll+0x29333]
C  [KERNEL32.DLL+0x1257d]
C  [ntdll.dll+0x5af28]


---------------  P R O C E S S  ---------------

Threads class SMR info:
_java_thread_list=0x0000013af0986c60, length=30, elements={
0x0000013aaa0e2700, 0x0000013aaa0e3380, 0x0000013aaa218810, 0x0000013aaa21a4f0,
0x0000013aaa21adc0, 0x0000013aaa21eb90, 0x0000013aaa21f840, 0x0000013aaa228620,
0x0000013aaa23b700, 0x0000013aaa0cbd10, 0x0000013aaa7e4b80, 0x0000013aaa5f1740,
0x0000013af288fa40, 0x0000013af143c7c0, 0x0000013af2588030, 0x0000013af00d9a10,
0x0000013af00db870, 0x0000013af00dccb0, 0x0000013af00da430, 0x0000013af00da940,
0x0000013af00d9f20, 0x0000013af00dae50, 0x0000013af00d9500, 0x0000013af00dbd80,
0x0000013af22d2df0, 0x0000013af22d4740, 0x0000013af22d4c50, 0x0000013af22d5160,
0x0000013af22d0060, 0x0000013af177b030
}

Java Threads: ( => current thread )
  0x0000013aaa0e2700 JavaThread "Reference Handler" daemon [_thread_blocked, id=2116, stack(0x000000035d500000,0x000000035d600000)]
  0x0000013aaa0e3380 JavaThread "Finalizer" daemon [_thread_blocked, id=21844, stack(0x000000035d600000,0x000000035d700000)]
  0x0000013aaa218810 JavaThread "Signal Dispatcher" daemon [_thread_blocked, id=23224, stack(0x000000035d700000,0x000000035d800000)]
  0x0000013aaa21a4f0 JavaThread "Attach Listener" daemon [_thread_blocked, id=27652, stack(0x000000035d800000,0x000000035d900000)]
  0x0000013aaa21adc0 JavaThread "Service Thread" daemon [_thread_blocked, id=28352, stack(0x000000035d900000,0x000000035da00000)]
  0x0000013aaa21eb90 JavaThread "Monitor Deflation Thread" daemon [_thread_blocked, id=28504, stack(0x000000035da00000,0x000000035db00000)]
=>0x0000013aaa21f840 JavaThread "C2 CompilerThread0" daemon [_thread_in_native, id=23952, stack(0x000000035db00000,0x000000035dc00000)]
  0x0000013aaa228620 JavaThread "C1 CompilerThread0" daemon [_thread_blocked, id=3200, stack(0x000000035dc00000,0x000000035dd00000)]
  0x0000013aaa23b700 JavaThread "Sweeper thread" daemon [_thread_blocked, id=12324, stack(0x000000035dd00000,0x000000035de00000)]
  0x0000013aaa0cbd10 JavaThread "Common-Cleaner" daemon [_thread_blocked, id=9340, stack(0x000000035de00000,0x000000035df00000)]
  0x0000013aaa7e4b80 JavaThread "Monitor Ctrl-Break" daemon [_thread_in_native, id=28260, stack(0x000000035e200000,0x000000035e300000)]
  0x0000013aaa5f1740 JavaThread "Notification Thread" daemon [_thread_blocked, id=23284, stack(0x000000035e300000,0x000000035e400000)]
  0x0000013af288fa40 JavaThread "Catalina-utility-1" [_thread_blocked, id=22548, stack(0x000000035e000000,0x000000035e100000)]
  0x0000013af143c7c0 JavaThread "Catalina-utility-2" [_thread_blocked, id=22440, stack(0x000000035ed00000,0x000000035ee00000)]
  0x0000013af2588030 JavaThread "container-0" [_thread_blocked, id=22848, stack(0x000000035ee00000,0x000000035ef00000)]
  0x0000013af00d9a10 JavaThread "spring.cloud.inetutils" daemon [_thread_blocked, id=6804, stack(0x000000035ef00000,0x000000035f000000)]
  0x0000013af00db870 JavaThread "http-nio-8080-exec-1" daemon [_thread_blocked, id=5244, stack(0x000000035eb00000,0x000000035ec00000)]
  0x0000013af00dccb0 JavaThread "http-nio-8080-exec-2" daemon [_thread_blocked, id=25388, stack(0x000000035f000000,0x000000035f100000)]
  0x0000013af00da430 JavaThread "http-nio-8080-exec-3" daemon [_thread_blocked, id=22168, stack(0x000000035f100000,0x000000035f200000)]
  0x0000013af00da940 JavaThread "http-nio-8080-exec-4" daemon [_thread_blocked, id=15852, stack(0x000000035f200000,0x000000035f300000)]
  0x0000013af00d9f20 JavaThread "http-nio-8080-exec-5" daemon [_thread_blocked, id=22500, stack(0x000000035f300000,0x000000035f400000)]
  0x0000013af00dae50 JavaThread "http-nio-8080-exec-6" daemon [_thread_blocked, id=8656, stack(0x000000035f400000,0x000000035f500000)]
  0x0000013af00d9500 JavaThread "http-nio-8080-exec-7" daemon [_thread_blocked, id=16296, stack(0x000000035f500000,0x000000035f600000)]
  0x0000013af00dbd80 JavaThread "http-nio-8080-exec-8" daemon [_thread_blocked, id=23960, stack(0x000000035f600000,0x000000035f700000)]
  0x0000013af22d2df0 JavaThread "http-nio-8080-exec-9" daemon [_thread_blocked, id=26888, stack(0x000000035f700000,0x000000035f800000)]
  0x0000013af22d4740 JavaThread "http-nio-8080-exec-10" daemon [_thread_blocked, id=13324, stack(0x000000035f800000,0x000000035f900000)]
  0x0000013af22d4c50 JavaThread "http-nio-8080-Poller" daemon [_thread_in_native, id=8676, stack(0x000000035f900000,0x000000035fa00000)]
  0x0000013af22d5160 JavaThread "http-nio-8080-Acceptor" daemon [_thread_in_native, id=3508, stack(0x000000035fa00000,0x000000035fb00000)]
  0x0000013af22d0060 JavaThread "DestroyJavaVM" [_thread_blocked, id=21480, stack(0x000000035ce00000,0x000000035cf00000)]
  0x0000013af177b030 JavaThread "C2 CompilerThread1" daemon [_thread_in_native, id=9428, stack(0x000000035cb00000,0x000000035cc00000)]

Other Threads:
  0x0000013aaa0dcbf0 VMThread "VM Thread" [stack: 0x000000035d400000,0x000000035d500000] [id=27404]
  0x0000013a86c6cf90 WatcherThread [stack: 0x000000035e400000,0x000000035e500000] [id=21516]
  0x0000013a86c49d70 GCTaskThread "GC Thread#0" [stack: 0x000000035cf00000,0x000000035d000000] [id=28608]
  0x0000013aaabde680 GCTaskThread "GC Thread#1" [stack: 0x000000035e100000,0x000000035e200000] [id=6616]
  0x0000013aaabde940 GCTaskThread "GC Thread#2" [stack: 0x000000035e500000,0x000000035e600000] [id=21996]
  0x0000013af018c040 GCTaskThread "GC Thread#3" [stack: 0x000000035e600000,0x000000035e700000] [id=22148]
  0x0000013af018c780 GCTaskThread "GC Thread#4" [stack: 0x000000035e700000,0x000000035e800000] [id=27752]
  0x0000013af0527150 GCTaskThread "GC Thread#5" [stack: 0x000000035e800000,0x000000035e900000] [id=9024]
  0x0000013aaa9cb960 GCTaskThread "GC Thread#6" [stack: 0x000000035e900000,0x000000035ea00000] [id=19064]
  0x0000013aaae088c0 GCTaskThread "GC Thread#7" [stack: 0x000000035ea00000,0x000000035eb00000] [id=27276]
  0x0000013a86c5b9a0 ConcurrentGCThread "G1 Main Marker" [stack: 0x000000035d000000,0x000000035d100000] [id=24000]
  0x0000013a86c5da60 ConcurrentGCThread "G1 Conc#0" [stack: 0x000000035d100000,0x000000035d200000] [id=27064]
  0x0000013af146ce40 ConcurrentGCThread "G1 Conc#1" [stack: 0x000000035ec00000,0x000000035ed00000] [id=16880]
  0x0000013a86c8e5b0 ConcurrentGCThread "G1 Refine#0" [stack: 0x000000035d200000,0x000000035d300000] [id=5880]
  0x0000013aa9f971c0 ConcurrentGCThread "G1 Service" [stack: 0x000000035d300000,0x000000035d400000] [id=23956]

Threads with active compile tasks:
C2 CompilerThread0   265848 4524  s    4       java.util.jar.JarFile::getInputStream (72 bytes)
C2 CompilerThread1   265848 4573 %     4       java.util.Properties$LineReader::readLine @ 293 (584 bytes)

VM state: not at safepoint (normal execution)

VM Mutex/Monitor currently owned by a thread: None

Heap address: 0x0000000702200000, size: 4062 MB, Compressed Oops mode: Zero based, Oop shift amount: 3

CDS archive(s) mapped at: [0x0000013aab000000-0x0000013aabbd0000-0x0000013aabbd0000), size 12386304, SharedBaseAddress: 0x0000013aab000000, ArchiveRelocationMode: 1.
Compressed class space mapped at: 0x0000013aac000000-0x0000013aec000000, reserved size: 1073741824
Narrow klass base: 0x0000013aab000000, Narrow klass shift: 0, Narrow klass range: 0x100000000

GC Precious Log:
 CPUs: 8 total, 8 available
 Memory: 16242M
 Large Page Support: Disabled
 NUMA Support: Disabled
 Compressed Oops: Enabled (Zero based)
 Heap Region Size: 2M
 Heap Min Capacity: 8M
 Heap Initial Capacity: 254M
 Heap Max Capacity: 4062M
 Pre-touch: Disabled
 Parallel Workers: 8
 Concurrent Workers: 2
 Concurrent Refinement Workers: 8
 Periodic GC: Disabled

Heap:
 garbage-first heap   total 75776K, used 41796K [0x0000000702200000, 0x0000000800000000)
  region size 2048K, 14 young (28672K), 2 survivors (4096K)
 Metaspace       used 39697K, committed 40192K, reserved 1114112K
  class space    used 4966K, committed 5184K, reserved 1048576K

Heap Regions: E=young(eden), S=young(survivor), O=old, HS=humongous(starts), HC=humongous(continues), CS=collection set, F=free, OA=open archive, CA=closed archive, TAMS=top-at-mark-start (previous, next)
|   0|0x0000000702200000, 0x0000000702400000, 0x0000000702400000|100%| O|  |TAMS 0x0000000702400000, 0x0000000702200000| Untracked 
|   1|0x0000000702400000, 0x0000000702600000, 0x0000000702600000|100%| O|  |TAMS 0x0000000702600000, 0x0000000702400000| Untracked 
|   2|0x0000000702600000, 0x00000007026e2400, 0x0000000702800000| 44%| O|  |TAMS 0x00000007026e2400, 0x0000000702600000| Untracked 
|   3|0x0000000702800000, 0x0000000702a00000, 0x0000000702a00000|100%| O|  |TAMS 0x0000000702a00000, 0x0000000702800000| Untracked 
|   4|0x0000000702a00000, 0x0000000702c00000, 0x0000000702c00000|100%| O|  |TAMS 0x0000000702c00000, 0x0000000702a00000| Untracked 
|   5|0x0000000702c00000, 0x0000000702e00000, 0x0000000702e00000|100%| O|  |TAMS 0x0000000702e00000, 0x0000000702c00000| Untracked 
|   6|0x0000000702e00000, 0x0000000703000000, 0x0000000703000000|100%| O|  |TAMS 0x0000000703000000, 0x0000000702e00000| Untracked 
|   7|0x0000000703000000, 0x0000000703200000, 0x0000000703200000|100%| O|  |TAMS 0x0000000703200000, 0x0000000703000000| Untracked 
|   8|0x0000000703200000, 0x0000000703200000, 0x0000000703400000|  0%| F|  |TAMS 0x0000000703200000, 0x0000000703200000| Untracked 
|   9|0x0000000703400000, 0x0000000703400000, 0x0000000703600000|  0%| F|  |TAMS 0x0000000703400000, 0x0000000703400000| Untracked 
|  10|0x0000000703600000, 0x0000000703600000, 0x0000000703800000|  0%| F|  |TAMS 0x0000000703600000, 0x0000000703600000| Untracked 
|  11|0x0000000703800000, 0x0000000703800000, 0x0000000703a00000|  0%| F|  |TAMS 0x0000000703800000, 0x0000000703800000| Untracked 
|  12|0x0000000703a00000, 0x0000000703a00000, 0x0000000703c00000|  0%| F|  |TAMS 0x0000000703a00000, 0x0000000703a00000| Untracked 
|  13|0x0000000703c00000, 0x0000000703c00000, 0x0000000703e00000|  0%| F|  |TAMS 0x0000000703c00000, 0x0000000703c00000| Untracked 
|  14|0x0000000703e00000, 0x0000000703e00000, 0x0000000704000000|  0%| F|  |TAMS 0x0000000703e00000, 0x0000000703e00000| Untracked 
|  15|0x0000000704000000, 0x0000000704000000, 0x0000000704200000|  0%| F|  |TAMS 0x0000000704000000, 0x0000000704000000| Untracked 
|  16|0x0000000704200000, 0x0000000704200000, 0x0000000704400000|  0%| F|  |TAMS 0x0000000704200000, 0x0000000704200000| Untracked 
|  17|0x0000000704400000, 0x0000000704400000, 0x0000000704600000|  0%| F|  |TAMS 0x0000000704400000, 0x0000000704400000| Untracked 
|  18|0x0000000704600000, 0x0000000704600000, 0x0000000704800000|  0%| F|  |TAMS 0x0000000704600000, 0x0000000704600000| Untracked 
|  19|0x0000000704800000, 0x0000000704800000, 0x0000000704a00000|  0%| F|  |TAMS 0x0000000704800000, 0x0000000704800000| Untracked 
|  20|0x0000000704a00000, 0x0000000704a00000, 0x0000000704c00000|  0%| F|  |TAMS 0x0000000704a00000, 0x0000000704a00000| Untracked 
|  21|0x0000000704c00000, 0x0000000704c00000, 0x0000000704e00000|  0%| F|  |TAMS 0x0000000704c00000, 0x0000000704c00000| Untracked 
|  22|0x0000000704e00000, 0x0000000704e00000, 0x0000000705000000|  0%| F|  |TAMS 0x0000000704e00000, 0x0000000704e00000| Untracked 
|  23|0x0000000705000000, 0x00000007051b63a8, 0x0000000705200000| 85%| E|  |TAMS 0x0000000705000000, 0x0000000705000000| Complete 
|  24|0x0000000705200000, 0x0000000705400000, 0x0000000705400000|100%| E|CS|TAMS 0x0000000705200000, 0x0000000705200000| Complete 
|  25|0x0000000705400000, 0x0000000705600000, 0x0000000705600000|100%| E|CS|TAMS 0x0000000705400000, 0x0000000705400000| Complete 
|  26|0x0000000705600000, 0x0000000705800000, 0x0000000705800000|100%| E|CS|TAMS 0x0000000705600000, 0x0000000705600000| Complete 
|  27|0x0000000705800000, 0x0000000705a00000, 0x0000000705a00000|100%| E|CS|TAMS 0x0000000705800000, 0x0000000705800000| Complete 
|  28|0x0000000705a00000, 0x0000000705c00000, 0x0000000705c00000|100%| E|CS|TAMS 0x0000000705a00000, 0x0000000705a00000| Complete 
|  29|0x0000000705c00000, 0x0000000705e00000, 0x0000000705e00000|100%| E|CS|TAMS 0x0000000705c00000, 0x0000000705c00000| Complete 
|  30|0x0000000705e00000, 0x0000000706000000, 0x0000000706000000|100%| E|CS|TAMS 0x0000000705e00000, 0x0000000705e00000| Complete 
|  31|0x0000000706000000, 0x0000000706200000, 0x0000000706200000|100%| E|CS|TAMS 0x0000000706000000, 0x0000000706000000| Complete 
|  32|0x0000000706200000, 0x0000000706400000, 0x0000000706400000|100%| E|CS|TAMS 0x0000000706200000, 0x0000000706200000| Complete 
|  33|0x0000000706400000, 0x0000000706600000, 0x0000000706600000|100%| E|CS|TAMS 0x0000000706400000, 0x0000000706400000| Complete 
|  61|0x0000000709c00000, 0x0000000709deeee8, 0x0000000709e00000| 96%| S|CS|TAMS 0x0000000709c00000, 0x0000000709c00000| Complete 
|  62|0x0000000709e00000, 0x000000070a000000, 0x000000070a000000|100%| S|CS|TAMS 0x0000000709e00000, 0x0000000709e00000| Complete 
| 126|0x0000000711e00000, 0x0000000712000000, 0x0000000712000000|100%| E|CS|TAMS 0x0000000711e00000, 0x0000000711e00000| Complete 

Card table byte_map: [0x0000013a9e790000,0x0000013a9ef80000] _byte_map_base: 0x0000013a9af7f000

Marking Bits (Prev, Next): (CMBitMap*) 0x0000013a86c4a290, (CMBitMap*) 0x0000013a86c4a2d0
 Prev Bits: [0x0000013a9f770000, 0x0000013aa36e8000)
 Next Bits: [0x0000013aa36f0000, 0x0000013aa7668000)

Polling page: 0x0000013a85200000

Metaspace:

Usage:
  Non-class:     33.92 MB used.
      Class:      4.85 MB used.
       Both:     38.77 MB used.

Virtual space:
  Non-class space:       64.00 MB reserved,      34.19 MB ( 53%) committed,  1 nodes.
      Class space:        1.00 GB reserved,       5.06 MB ( <1%) committed,  1 nodes.
             Both:        1.06 GB reserved,      39.25 MB (  4%) committed. 

Chunk freelists:
   Non-Class:  13.84 MB
       Class:  10.75 MB
        Both:  24.59 MB

MaxMetaspaceSize: unlimited
CompressedClassSpaceSize: 1.00 GB
Initial GC threshold: 21.00 MB
Current GC threshold: 58.69 MB
CDS: on
MetaspaceReclaimPolicy: balanced
 - commit_granule_bytes: 65536.
 - commit_granule_words: 8192.
 - virtual_space_node_default_size: 8388608.
 - enlarge_chunks_in_place: 1.
 - new_chunks_are_fully_committed: 0.
 - uncommit_free_chunks: 1.
 - use_allocation_guard: 0.
 - handle_deallocations: 1.


Internal statistics:

num_allocs_failed_limit: 6.
num_arena_births: 622.
num_arena_deaths: 0.
num_vsnodes_births: 2.
num_vsnodes_deaths: 0.
num_space_committed: 628.
num_space_uncommitted: 0.
num_chunks_returned_to_freelist: 6.
num_chunks_taken_from_freelist: 2099.
num_chunk_merges: 6.
num_chunk_splits: 1455.
num_chunks_enlarged: 1084.
num_inconsistent_stats: 0.

CodeHeap 'non-profiled nmethods': size=120000Kb used=2796Kb max_used=2796Kb free=117203Kb
 bounds [0x0000013a96010000, 0x0000013a962d0000, 0x0000013a9d540000]
CodeHeap 'profiled nmethods': size=120000Kb used=9477Kb max_used=9477Kb free=110522Kb
 bounds [0x0000013a8e540000, 0x0000013a8ee90000, 0x0000013a95a70000]
CodeHeap 'non-nmethods': size=5760Kb used=1271Kb max_used=1334Kb free=4488Kb
 bounds [0x0000013a95a70000, 0x0000013a95ce0000, 0x0000013a96010000]
 total_blobs=5149 nmethods=4562 adapters=499
 compilation: enabled
              stopped_count=0, restarted_count=0
 full_count=0

Compilation events (20 events):
Event: 265.665 Thread 0x0000013aaa228620 nmethod 4520 0x0000013a8ee5d090 code [0x0000013a8ee5d240, 0x0000013a8ee5d508]
Event: 265.665 Thread 0x0000013aaa228620 4521       3       kotlin.collections.CollectionsKt___CollectionsKt::joinToString (72 bytes)
Event: 265.667 Thread 0x0000013aaa228620 nmethod 4521 0x0000013a8ee5d610 code [0x0000013a8ee5da80, 0x0000013a8ee5f788]
Event: 265.670 Thread 0x0000013aaa228620 4522       3       kotlin.jvm.internal.Reflection::getOrCreateKotlinClass (8 bytes)
Event: 265.671 Thread 0x0000013aaa228620 nmethod 4522 0x0000013a8ee60190 code [0x0000013a8ee60440, 0x0000013a8ee61058]
Event: 265.671 Thread 0x0000013aaa228620 4523       3       kotlin.reflect.jvm.internal.ReflectionFactoryImpl::getOrCreateKotlinClass (5 bytes)
Event: 265.672 Thread 0x0000013aaa228620 nmethod 4523 0x0000013a8ee61490 code [0x0000013a8ee61720, 0x0000013a8ee622d8]
Event: 265.675 Thread 0x0000013aaa21f840 4524  s    4       java.util.jar.JarFile::getInputStream (72 bytes)
Event: 265.700 Thread 0x0000013aaa228620 4525   !   3       kotlin.reflect.jvm.internal.impl.storage.LockBasedStorageManager$MapBasedMemoizedFunction::invoke (410 bytes)
Event: 265.704 Thread 0x0000013aaa228620 nmethod 4525 0x0000013a8ee62710 code [0x0000013a8ee62c80, 0x0000013a8ee65128]
Event: 265.705 Thread 0x0000013aaa228620 4526       1       kotlin.reflect.jvm.internal.impl.util.AttributeArrayOwner::getArrayMap (5 bytes)
Event: 265.705 Thread 0x0000013aaa228620 nmethod 4526 0x0000013a962c9190 code [0x0000013a962c9320, 0x0000013a962c93f8]
Event: 265.707 Thread 0x0000013aaa228620 4527       3       kotlin.reflect.jvm.internal.impl.types.error.ErrorUtils::isErrorClass (5 bytes)
Event: 265.708 Thread 0x0000013aaa228620 nmethod 4527 0x0000013a8ee66590 code [0x0000013a8ee66720, 0x0000013a8ee66938]
Event: 265.709 Thread 0x0000013aaa228620 4528       1       kotlin.collections.EmptyIterator::hasNext (2 bytes)
Event: 265.710 Thread 0x0000013aaa228620 nmethod 4528 0x0000013a962c9490 code [0x0000013a962c9620, 0x0000013a962c96f8]
Event: 265.710 Thread 0x0000013aaa228620 4529       3       kotlin.reflect.jvm.internal.impl.name.FqNameUnsafe::equals (39 bytes)
Event: 265.710 Thread 0x0000013aaa228620 nmethod 4529 0x0000013a8ee66a10 code [0x0000013a8ee66be0, 0x0000013a8ee67068]
Event: 265.710 Thread 0x0000013aaa228620 4530       3       kotlin.reflect.jvm.internal.impl.storage.StorageKt::getValue (19 bytes)
Event: 265.711 Thread 0x0000013aaa228620 nmethod 4530 0x0000013a8ee67190 code [0x0000013a8ee67420, 0x0000013a8ee67f08]

GC Heap History (16 events):
Event: 1.597 GC heap before
{Heap before GC invocations=0 (full 0):
 garbage-first heap   total 260096K, used 20480K [0x0000000702200000, 0x0000000800000000)
  region size 2048K, 11 young (22528K), 0 survivors (0K)
 Metaspace       used 5485K, committed 5696K, reserved 1114112K
  class space    used 619K, committed 704K, reserved 1048576K
}
Event: 1.605 GC heap after
{Heap after GC invocations=1 (full 0):
 garbage-first heap   total 260096K, used 5611K [0x0000000702200000, 0x0000000800000000)
  region size 2048K, 2 young (4096K), 2 survivors (4096K)
 Metaspace       used 5485K, committed 5696K, reserved 1114112K
  class space    used 619K, committed 704K, reserved 1048576K
}
Event: 3.280 GC heap before
{Heap before GC invocations=1 (full 0):
 garbage-first heap   total 260096K, used 34283K [0x0000000702200000, 0x0000000800000000)
  region size 2048K, 16 young (32768K), 2 survivors (4096K)
 Metaspace       used 12033K, committed 12288K, reserved 1114112K
  class space    used 1477K, committed 1600K, reserved 1048576K
}
Event: 3.287 GC heap after
{Heap after GC invocations=2 (full 0):
 garbage-first heap   total 260096K, used 7666K [0x0000000702200000, 0x0000000800000000)
  region size 2048K, 1 young (2048K), 1 survivors (2048K)
 Metaspace       used 12033K, committed 12288K, reserved 1114112K
  class space    used 1477K, committed 1600K, reserved 1048576K
}
Event: 4.801 GC heap before
{Heap before GC invocations=2 (full 0):
 garbage-first heap   total 260096K, used 60914K [0x0000000702200000, 0x0000000800000000)
  region size 2048K, 29 young (59392K), 1 survivors (2048K)
 Metaspace       used 21240K, committed 21504K, reserved 1114112K
  class space    used 2555K, committed 2688K, reserved 1048576K
}
Event: 4.808 GC heap after
{Heap after GC invocations=3 (full 0):
 garbage-first heap   total 260096K, used 10779K [0x0000000702200000, 0x0000000800000000)
  region size 2048K, 3 young (6144K), 3 survivors (6144K)
 Metaspace       used 21240K, committed 21504K, reserved 1114112K
  class space    used 2555K, committed 2688K, reserved 1048576K
}
Event: 5.568 GC heap before
{Heap before GC invocations=4 (full 0):
 garbage-first heap   total 49152K, used 33307K [0x0000000702200000, 0x0000000800000000)
  region size 2048K, 14 young (28672K), 3 survivors (6144K)
 Metaspace       used 24762K, committed 25024K, reserved 1114112K
  class space    used 3022K, committed 3136K, reserved 1048576K
}
Event: 5.578 GC heap after
{Heap after GC invocations=5 (full 0):
 garbage-first heap   total 49152K, used 12448K [0x0000000702200000, 0x0000000800000000)
  region size 2048K, 1 young (2048K), 1 survivors (2048K)
 Metaspace       used 24762K, committed 25024K, reserved 1114112K
  class space    used 3022K, committed 3136K, reserved 1048576K
}
Event: 5.647 GC heap before
{Heap before GC invocations=5 (full 0):
 garbage-first heap   total 49152K, used 14496K [0x0000000702200000, 0x0000000800000000)
  region size 2048K, 2 young (4096K), 1 survivors (2048K)
 Metaspace       used 25104K, committed 25344K, reserved 1114112K
  class space    used 3060K, committed 3200K, reserved 1048576K
}
Event: 5.652 GC heap after
{Heap after GC invocations=6 (full 0):
 garbage-first heap   total 49152K, used 13416K [0x0000000702200000, 0x0000000800000000)
  region size 2048K, 1 young (2048K), 1 survivors (2048K)
 Metaspace       used 25104K, committed 25344K, reserved 1114112K
  class space    used 3060K, committed 3200K, reserved 1048576K
}
Event: 6.315 GC heap before
{Heap before GC invocations=6 (full 0):
 garbage-first heap   total 49152K, used 29800K [0x0000000702200000, 0x0000000800000000)
  region size 2048K, 9 young (18432K), 1 survivors (2048K)
 Metaspace       used 28779K, committed 29120K, reserved 1114112K
  class space    used 3558K, committed 3712K, reserved 1048576K
}
Event: 6.323 GC heap after
{Heap after GC invocations=7 (full 0):
 garbage-first heap   total 49152K, used 15249K [0x0000000702200000, 0x0000000800000000)
  region size 2048K, 2 young (4096K), 2 survivors (4096K)
 Metaspace       used 28779K, committed 29120K, reserved 1114112K
  class space    used 3558K, committed 3712K, reserved 1048576K
}
Event: 7.107 GC heap before
{Heap before GC invocations=7 (full 0):
 garbage-first heap   total 49152K, used 29585K [0x0000000702200000, 0x0000000800000000)
  region size 2048K, 10 young (20480K), 2 survivors (4096K)
 Metaspace       used 31895K, committed 32320K, reserved 1114112K
  class space    used 3960K, committed 4160K, reserved 1048576K
}
Event: 7.117 GC heap after
{Heap after GC invocations=8 (full 0):
 garbage-first heap   total 155648K, used 16702K [0x0000000702200000, 0x0000000800000000)
  region size 2048K, 1 young (2048K), 1 survivors (2048K)
 Metaspace       used 31895K, committed 32320K, reserved 1114112K
  class space    used 3960K, committed 4160K, reserved 1048576K
}
Event: 8.361 GC heap before
{Heap before GC invocations=8 (full 0):
 garbage-first heap   total 155648K, used 41278K [0x0000000702200000, 0x0000000800000000)
  region size 2048K, 14 young (28672K), 1 survivors (2048K)
 Metaspace       used 35514K, committed 35968K, reserved 1114112K
  class space    used 4450K, committed 4672K, reserved 1048576K
}
Event: 8.367 GC heap after
{Heap after GC invocations=9 (full 0):
 garbage-first heap   total 155648K, used 19268K [0x0000000702200000, 0x0000000800000000)
  region size 2048K, 2 young (4096K), 2 survivors (4096K)
 Metaspace       used 35514K, committed 35968K, reserved 1114112K
  class space    used 4450K, committed 4672K, reserved 1048576K
}

Deoptimization events (20 events):
Event: 8.038 Thread 0x0000013a86bddc40 Uncommon trap: trap_request=0xffffffd6 fr.pc=0x0000013a9625f770 relative=0x00000000000007b0
Event: 8.038 Thread 0x0000013a86bddc40 Uncommon trap: reason=array_check action=maybe_recompile pc=0x0000013a9625f770 method=java.util.AbstractCollection.toArray([Ljava/lang/Object;)[Ljava/lang/Object; @ 116 c2
Event: 8.038 Thread 0x0000013a86bddc40 DEOPT PACKING pc=0x0000013a9625f770 sp=0x000000035cef9ac0
Event: 8.038 Thread 0x0000013a86bddc40 DEOPT UNPACKING pc=0x0000013a95ac23a3 sp=0x000000035cef9a70 mode 2
Event: 8.548 Thread 0x0000013a86bddc40 Uncommon trap: trap_request=0xffffff45 fr.pc=0x0000013a961c9268 relative=0x0000000000000ae8
Event: 8.548 Thread 0x0000013a86bddc40 Uncommon trap: reason=unstable_if action=reinterpret pc=0x0000013a961c9268 method=org.springframework.beans.factory.support.DefaultSingletonBeanRegistry.getSingleton(Ljava/lang/String;Z)Ljava/lang/Object; @ 39 c2
Event: 8.548 Thread 0x0000013a86bddc40 DEOPT PACKING pc=0x0000013a961c9268 sp=0x000000035cefe2f0
Event: 8.548 Thread 0x0000013a86bddc40 DEOPT UNPACKING pc=0x0000013a95ac23a3 sp=0x000000035cefe288 mode 2
Event: 8.621 Thread 0x0000013a86bddc40 Uncommon trap: trap_request=0xffffff45 fr.pc=0x0000013a9624fff8 relative=0x0000000000000dd8
Event: 8.621 Thread 0x0000013a86bddc40 Uncommon trap: reason=unstable_if action=reinterpret pc=0x0000013a9624fff8 method=sun.reflect.annotation.AnnotationInvocationHandler.invoke(Ljava/lang/Object;Ljava/lang/reflect/Method;[Ljava/lang/Object;)Ljava/lang/Object; @ 76 c2
Event: 8.621 Thread 0x0000013a86bddc40 DEOPT PACKING pc=0x0000013a9624fff8 sp=0x000000035cefaf50
Event: 8.621 Thread 0x0000013a86bddc40 DEOPT UNPACKING pc=0x0000013a95ac23a3 sp=0x000000035cefaf20 mode 2
Event: 8.628 Thread 0x0000013a86bddc40 Uncommon trap: trap_request=0xfffffff4 fr.pc=0x0000013a9627bf64 relative=0x0000000000001f44
Event: 8.628 Thread 0x0000013a86bddc40 Uncommon trap: reason=null_check action=make_not_entrant pc=0x0000013a9627bf64 method=java.lang.Class.createAnnotationData(I)Ljava/lang/Class$AnnotationData; @ 14 c2
Event: 8.628 Thread 0x0000013a86bddc40 DEOPT PACKING pc=0x0000013a9627bf64 sp=0x000000035cefa820
Event: 8.628 Thread 0x0000013a86bddc40 DEOPT UNPACKING pc=0x0000013a95ac23a3 sp=0x000000035cefa7a0 mode 2
Event: 265.631 Thread 0x0000013af00da430 Uncommon trap: trap_request=0xffffffde fr.pc=0x0000013a960e67d8 relative=0x0000000000001138
Event: 265.632 Thread 0x0000013af00da430 Uncommon trap: reason=class_check action=maybe_recompile pc=0x0000013a960e67d8 method=java.util.concurrent.ConcurrentHashMap.putVal(Ljava/lang/Object;Ljava/lang/Object;Z)Ljava/lang/Object; @ 242 c2
Event: 265.632 Thread 0x0000013af00da430 DEOPT PACKING pc=0x0000013a960e67d8 sp=0x000000035f1fd290
Event: 265.632 Thread 0x0000013af00da430 DEOPT UNPACKING pc=0x0000013a95ac23a3 sp=0x000000035f1fd200 mode 2

Classes unloaded (0 events):
No events

Classes redefined (0 events):
No events

Internal exceptions (20 events):
Event: 7.618 Thread 0x0000013a86bddc40 Exception <a 'java/lang/NoClassDefFoundError'{0x000000070ac99c68}: org/springframework/data/domain/Pageable> (0x000000070ac99c68) 
thrown [s\open\src\hotspot\share\classfile\systemDictionary.cpp, line 245]
Event: 7.623 Thread 0x0000013a86bddc40 Exception <a 'java/lang/NoSuchMethodError'{0x000000070acb2c88}: 'java.lang.Object java.lang.invoke.DirectMethodHandle$Holder.invokeStatic(java.lang.Object, int, java.lang.Object, java.lang.Object, java.lang.Object)'> (0x000000070acb2c88) 
thrown [s\open\src\hotspot\share\interpreter\linkResolver.cpp, line 759]
Event: 7.630 Thread 0x0000013a86bddc40 Exception <a 'java/lang/NoClassDefFoundError'{0x000000070ace1058}: org/springframework/data/domain/Pageable> (0x000000070ace1058) 
thrown [s\open\src\hotspot\share\oops\constantPool.cpp, line 835]
Event: 7.633 Thread 0x0000013a86bddc40 Exception <a 'java/lang/NoClassDefFoundError'{0x000000070acf54b8}: org/springframework/data/domain/Pageable> (0x000000070acf54b8) 
thrown [s\open\src\hotspot\share\oops\constantPool.cpp, line 835]
Event: 7.723 Thread 0x0000013a86bddc40 Exception <a 'java/lang/NoClassDefFoundError'{0x000000070aba7c28}: org/springframework/data/domain/Pageable> (0x000000070aba7c28) 
thrown [s\open\src\hotspot\share\oops\constantPool.cpp, line 835]
Event: 7.724 Thread 0x0000013a86bddc40 Exception <a 'java/lang/NoClassDefFoundError'{0x000000070abadd10}: org/springframework/data/domain/Pageable> (0x000000070abadd10) 
thrown [s\open\src\hotspot\share\oops\constantPool.cpp, line 835]
Event: 7.725 Thread 0x0000013a86bddc40 Exception <a 'java/lang/NoClassDefFoundError'{0x000000070abb1c60}: org/springframework/data/domain/Pageable> (0x000000070abb1c60) 
thrown [s\open\src\hotspot\share\oops\constantPool.cpp, line 835]
Event: 7.728 Thread 0x0000013a86bddc40 Exception <a 'java/lang/NoClassDefFoundError'{0x000000070abcb8b8}: org/springframework/data/domain/Pageable> (0x000000070abcb8b8) 
thrown [s\open\src\hotspot\share\oops\constantPool.cpp, line 835]
Event: 7.729 Thread 0x0000013a86bddc40 Exception <a 'java/lang/NoClassDefFoundError'{0x000000070abd2ab8}: org/springframework/data/domain/Pageable> (0x000000070abd2ab8) 
thrown [s\open\src\hotspot\share\oops\constantPool.cpp, line 835]
Event: 7.729 Thread 0x0000013a86bddc40 Exception <a 'java/lang/NoClassDefFoundError'{0x000000070abd39e8}: org/springframework/data/domain/Pageable> (0x000000070abd39e8) 
thrown [s\open\src\hotspot\share\oops\constantPool.cpp, line 835]
Event: 8.136 Thread 0x0000013a86bddc40 Exception <a 'sun/nio/fs/WindowsException'{0x000000070a27e4d0}> (0x000000070a27e4d0) 
thrown [s\open\src\hotspot\share\prims\jni.cpp, line 516]
Event: 8.264 Thread 0x0000013a86bddc40 Exception <a 'java/lang/IncompatibleClassChangeError'{0x000000070a049a58}: Found class java.lang.Object, but interface was expected> (0x000000070a049a58) 
thrown [s\open\src\hotspot\share\interpreter\linkResolver.cpp, line 826]
Event: 8.345 Thread 0x0000013a86bddc40 Exception <a 'java/lang/NoSuchMethodError'{0x000000070a17c8d0}: 'void java.lang.invoke.DirectMethodHandle$Holder.invokeVirtual(java.lang.Object, java.lang.Object, long)'> (0x000000070a17c8d0) 
thrown [s\open\src\hotspot\share\interpreter\linkResolver.cpp, line 759]
Event: 8.542 Thread 0x0000013a86bddc40 Exception <a 'java/lang/NoSuchMethodError'{0x00000007064e48a0}: 'int java.lang.invoke.DirectMethodHandle$Holder.invokeStaticInit(java.lang.Object, java.lang.Object, java.lang.Object, java.lang.Object)'> (0x00000007064e48a0) 
thrown [s\open\src\hotspot\share\interpreter\linkResolver.cpp, line 759]
Event: 8.628 Thread 0x0000013a86bddc40 Implicit null exception at 0x0000013a9627a0e6 to 0x0000013a9627bf54
Event: 9.364 Thread 0x0000013a86bddc40 Exception <a 'java/lang/NoSuchMethodError'{0x00000007060f3a48}: 'java.lang.Object java.lang.invoke.DirectMethodHandle$Holder.invokeSpecial(java.lang.Object, java.lang.Object, int, java.lang.Object, int, java.lang.Object)'> (0x00000007060f3a48) 
thrown [s\open\src\hotspot\share\interpreter\linkResolver.cpp, line 759]
Event: 9.365 Thread 0x0000013a86bddc40 Exception <a 'java/lang/NoSuchMethodError'{0x00000007060fb850}: 'java.lang.Object java.lang.invoke.DirectMethodHandle$Holder.newInvokeSpecial(java.lang.Object, java.lang.Object, int, java.lang.Object, int)'> (0x00000007060fb850) 
thrown [s\open\src\hotspot\share\interpreter\linkResolver.cpp, line 759]
Event: 9.366 Thread 0x0000013a86bddc40 Exception <a 'java/lang/NoSuchMethodError'{0x00000007060ff950}: 'java.lang.Object java.lang.invoke.DirectMethodHandle$Holder.invokeSpecial(java.lang.Object, java.lang.Object, java.lang.Object, int, java.lang.Object, int)'> (0x00000007060ff950) 
thrown [s\open\src\hotspot\share\interpreter\linkResolver.cpp, line 759]
Event: 264.438 Thread 0x0000013af00db870 Exception <a 'java/lang/NoSuchMethodError'{0x0000000705b2edb8}: 'java.lang.Object java.lang.invoke.DirectMethodHandle$Holder.invokeSpecial(java.lang.Object, java.lang.Object, java.lang.Object, java.lang.Object, java.lang.Object, long)'> (0x0000000705b2edb8) 
thrown [s\open\src\hotspot\share\interpreter\linkResolver.cpp, line 759]
Event: 264.438 Thread 0x0000013af00db870 Exception <a 'java/lang/NoSuchMethodError'{0x0000000705b327f8}: 'java.lang.Object java.lang.invoke.Invokers$Holder.linkToTargetMethod(java.lang.Object, java.lang.Object, java.lang.Object, long, java.lang.Object)'> (0x0000000705b327f8) 
thrown [s\open\src\hotspot\share\interpreter\linkResolver.cpp, line 759]

VM Operations (20 events):
Event: 198.343 Executing VM operation: Cleanup
Event: 198.344 Executing VM operation: Cleanup done
Event: 210.384 Executing VM operation: Cleanup
Event: 210.384 Executing VM operation: Cleanup done
Event: 213.399 Executing VM operation: Cleanup
Event: 213.399 Executing VM operation: Cleanup done
Event: 215.406 Executing VM operation: Cleanup
Event: 215.407 Executing VM operation: Cleanup done
Event: 264.461 Executing VM operation: HandshakeAllThreads
Event: 264.461 Executing VM operation: HandshakeAllThreads done
Event: 264.461 Executing VM operation: Cleanup
Event: 264.461 Executing VM operation: Cleanup done
Event: 264.477 Executing VM operation: HandshakeAllThreads
Event: 264.477 Executing VM operation: HandshakeAllThreads done
Event: 264.612 Executing VM operation: HandshakeAllThreads
Event: 264.612 Executing VM operation: HandshakeAllThreads done
Event: 264.706 Executing VM operation: HandshakeAllThreads
Event: 264.706 Executing VM operation: HandshakeAllThreads done
Event: 264.714 Executing VM operation: HandshakeAllThreads
Event: 264.714 Executing VM operation: HandshakeAllThreads done

Events (20 events):
Event: 264.367 loading class sun/nio/ch/SelectionKeyImpl
Event: 264.367 loading class java/nio/channels/spi/AbstractSelectionKey
Event: 264.367 loading class java/nio/channels/SelectionKey
Event: 264.367 loading class java/nio/channels/SelectionKey done
Event: 264.367 loading class java/nio/channels/spi/AbstractSelectionKey done
Event: 264.367 loading class sun/nio/ch/SelectionKeyImpl done
Event: 264.368 loading class java/lang/invoke/ConstantBootstraps
Event: 264.369 loading class java/lang/invoke/ConstantBootstraps done
Event: 264.447 loading class sun/nio/cs/ThreadLocalCoders
Event: 264.447 loading class sun/nio/cs/ThreadLocalCoders done
Event: 264.447 loading class sun/nio/cs/ThreadLocalCoders$1
Event: 264.447 loading class sun/nio/cs/ThreadLocalCoders$Cache
Event: 264.447 loading class sun/nio/cs/ThreadLocalCoders$Cache done
Event: 264.447 loading class sun/nio/cs/ThreadLocalCoders$1 done
Event: 264.448 loading class sun/nio/cs/ThreadLocalCoders$2
Event: 264.448 loading class sun/nio/cs/ThreadLocalCoders$2 done
Event: 264.448 loading class sun/nio/cs/ISO_8859_1$Decoder
Event: 264.448 loading class sun/nio/cs/ISO_8859_1$Decoder done
Event: 264.704 loading class java/io/CharArrayWriter
Event: 264.705 loading class java/io/CharArrayWriter done


Dynamic libraries:
0x00007ff7da910000 - 0x00007ff7da920000 	C:\Program Files\Java\jdk-17\bin\java.exe
0x00007ff8c4750000 - 0x00007ff8c4967000 	C:\WINDOWS\SYSTEM32\ntdll.dll
0x00007ff8c3f50000 - 0x00007ff8c4014000 	C:\WINDOWS\System32\KERNEL32.DLL
0x00007ff8c1b20000 - 0x00007ff8c1ecc000 	C:\WINDOWS\System32\KERNELBASE.dll
0x00007ff8c21d0000 - 0x00007ff8c22e1000 	C:\WINDOWS\System32\ucrtbase.dll
0x00007ff898fd0000 - 0x00007ff898fe9000 	C:\Program Files\Java\jdk-17\bin\jli.dll
0x00007ff898100000 - 0x00007ff89811b000 	C:\Program Files\Java\jdk-17\bin\VCRUNTIME140.dll
0x00007ff8c2490000 - 0x00007ff8c2542000 	C:\WINDOWS\System32\ADVAPI32.dll
0x00007ff8c3670000 - 0x00007ff8c3717000 	C:\WINDOWS\System32\msvcrt.dll
0x00007ff8c32e0000 - 0x00007ff8c338a000 	C:\WINDOWS\System32\sechost.dll
0x00007ff8c2170000 - 0x00007ff8c2198000 	C:\WINDOWS\System32\bcrypt.dll
0x00007ff8c3390000 - 0x00007ff8c34a5000 	C:\WINDOWS\System32\RPCRT4.dll
0x00007ff8c3030000 - 0x00007ff8c31de000 	C:\WINDOWS\System32\USER32.dll
0x00007ff8a5990000 - 0x00007ff8a5c23000 	C:\WINDOWS\WinSxS\amd64_microsoft.windows.common-controls_6595b64144ccf1df_6.0.22621.3672_none_2713b9d173822955\COMCTL32.dll
0x00007ff8c21a0000 - 0x00007ff8c21c6000 	C:\WINDOWS\System32\win32u.dll
0x00007ff8c31e0000 - 0x00007ff8c3209000 	C:\WINDOWS\System32\GDI32.dll
0x00007ff8c2370000 - 0x00007ff8c2489000 	C:\WINDOWS\System32\gdi32full.dll
0x00007ff8c1a80000 - 0x00007ff8c1b1a000 	C:\WINDOWS\System32\msvcp_win.dll
0x00007ff8afb70000 - 0x00007ff8afb7a000 	C:\WINDOWS\SYSTEM32\VERSION.dll
0x00007ff8c3720000 - 0x00007ff8c3751000 	C:\WINDOWS\System32\IMM32.DLL
0x0000013a85220000 - 0x0000013a85234000 	C:\WINDOWS\System32\umppc18408.dll
0x0000013a86a20000 - 0x0000013a86a32000 	C:\WINDOWS\System32\CsXumd64_18408.dll
0x00007ff8a6dc0000 - 0x00007ff8a6dcc000 	C:\Program Files\Java\jdk-17\bin\vcruntime140_1.dll
0x00007ff86e9a0000 - 0x00007ff86ea2e000 	C:\Program Files\Java\jdk-17\bin\msvcp140.dll
0x00007ff812190000 - 0x00007ff812d6f000 	C:\Program Files\Java\jdk-17\bin\server\jvm.dll
0x00007ff8c2560000 - 0x00007ff8c2568000 	C:\WINDOWS\System32\PSAPI.DLL
0x00007ff892400000 - 0x00007ff892409000 	C:\WINDOWS\SYSTEM32\WSOCK32.dll
0x00007ff8c3db0000 - 0x00007ff8c3e21000 	C:\WINDOWS\System32\WS2_32.dll
0x00007ff8b9540000 - 0x00007ff8b9574000 	C:\WINDOWS\SYSTEM32\WINMM.dll
0x00007ff8c0b60000 - 0x00007ff8c0b78000 	C:\WINDOWS\SYSTEM32\kernel.appcore.dll
0x00007ff8a39f0000 - 0x00007ff8a39fa000 	C:\Program Files\Java\jdk-17\bin\jimage.dll
0x00007ff8b86a0000 - 0x00007ff8b88d2000 	C:\WINDOWS\SYSTEM32\DBGHELP.DLL
0x00007ff8c3760000 - 0x00007ff8c3ae8000 	C:\WINDOWS\System32\combase.dll
0x00007ff8c2570000 - 0x00007ff8c2647000 	C:\WINDOWS\System32\OLEAUT32.dll
0x00007ff89b340000 - 0x00007ff89b372000 	C:\WINDOWS\SYSTEM32\dbgcore.DLL
0x00007ff8c22f0000 - 0x00007ff8c236b000 	C:\WINDOWS\System32\bcryptPrimitives.dll
0x00007ff8a3880000 - 0x00007ff8a388e000 	C:\Program Files\Java\jdk-17\bin\instrument.dll
0x00007ff87ca20000 - 0x00007ff87ca45000 	C:\Program Files\Java\jdk-17\bin\java.dll
0x00007ff8416a0000 - 0x00007ff841777000 	C:\Program Files\Java\jdk-17\bin\jsvml.dll
0x00007ff8c27d0000 - 0x00007ff8c302c000 	C:\WINDOWS\System32\SHELL32.dll
0x00007ff8bf8b0000 - 0x00007ff8c01a7000 	C:\WINDOWS\SYSTEM32\windows.storage.dll
0x00007ff8bf770000 - 0x00007ff8bf8af000 	C:\WINDOWS\SYSTEM32\wintypes.dll
0x00007ff8c26d0000 - 0x00007ff8c27c4000 	C:\WINDOWS\System32\SHCORE.dll
0x00007ff8c3c50000 - 0x00007ff8c3cae000 	C:\WINDOWS\System32\shlwapi.dll
0x00007ff8c19b0000 - 0x00007ff8c19d1000 	C:\WINDOWS\SYSTEM32\profapi.dll
0x00007ff885b30000 - 0x00007ff885b48000 	C:\Program Files\Java\jdk-17\bin\zip.dll
0x00007ff87ae80000 - 0x00007ff87ae99000 	C:\Program Files\Java\jdk-17\bin\net.dll
0x00007ff8b8b00000 - 0x00007ff8b8c36000 	C:\WINDOWS\SYSTEM32\WINHTTP.dll
0x00007ff8c0fc0000 - 0x00007ff8c1029000 	C:\WINDOWS\system32\mswsock.dll
0x00007ff87ae60000 - 0x00007ff87ae76000 	C:\Program Files\Java\jdk-17\bin\nio.dll
0x00007ff8a0720000 - 0x00007ff8a073a000 	C:\Program Files\JetBrains\IntelliJ IDEA Community Edition 2023.3.2\bin\breakgen64.dll
0x00007ff8c05a0000 - 0x00007ff8c05cd000 	C:\WINDOWS\SYSTEM32\IPHLPAPI.DLL
0x00007ff8c34b0000 - 0x00007ff8c34b9000 	C:\WINDOWS\System32\NSI.dll
0x00007ff8b8e30000 - 0x00007ff8b8e49000 	C:\WINDOWS\SYSTEM32\dhcpcsvc6.DLL
0x00007ff8b88e0000 - 0x00007ff8b88ff000 	C:\WINDOWS\SYSTEM32\dhcpcsvc.DLL
0x00007ff8c0620000 - 0x00007ff8c0718000 	C:\WINDOWS\SYSTEM32\DNSAPI.dll
0x00007ff8a6600000 - 0x00007ff8a660a000 	C:\Windows\System32\rasadhlp.dll
0x00007ff8b4180000 - 0x00007ff8b4203000 	C:\WINDOWS\System32\fwpuclnt.dll
0x00007ff895880000 - 0x00007ff89588e000 	C:\Program Files\Java\jdk-17\bin\sunmscapi.dll
0x00007ff8c2000000 - 0x00007ff8c2167000 	C:\WINDOWS\System32\CRYPT32.dll
0x00007ff8c1410000 - 0x00007ff8c143e000 	C:\WINDOWS\SYSTEM32\ncrypt.dll
0x00007ff8c13d0000 - 0x00007ff8c1407000 	C:\WINDOWS\SYSTEM32\NTASN1.dll
0x00007ff8c1310000 - 0x00007ff8c132b000 	C:\WINDOWS\SYSTEM32\CRYPTSP.dll
0x00007ff8c0ac0000 - 0x00007ff8c0af5000 	C:\WINDOWS\system32\rsaenh.dll
0x00007ff8c1060000 - 0x00007ff8c1088000 	C:\WINDOWS\SYSTEM32\USERENV.dll
0x00007ff8c12f0000 - 0x00007ff8c12fc000 	C:\WINDOWS\SYSTEM32\CRYPTBASE.dll
0x00007ff89dec0000 - 0x00007ff89deca000 	C:\Program Files\Java\jdk-17\bin\management.dll
0x00007ff896420000 - 0x00007ff89642b000 	C:\Program Files\Java\jdk-17\bin\management_ext.dll
0x00007ff822a00000 - 0x00007ff822a08000 	C:\WINDOWS\system32\wshunix.dll

dbghelp: loaded successfully - version: 4.0.5 - missing functions: none
symbol engine: initialized successfully - sym options: 0x614 - pdb path: .;C:\Program Files\Java\jdk-17\bin;C:\WINDOWS\SYSTEM32;C:\WINDOWS\WinSxS\amd64_microsoft.windows.common-controls_6595b64144ccf1df_6.0.22621.3672_none_2713b9d173822955;C:\Program Files\Java\jdk-17\bin\server;C:\Program Files\JetBrains\IntelliJ IDEA Community Edition 2023.3.2\bin

VM Arguments:
jvm_args: -javaagent:C:\Program Files\JetBrains\IntelliJ IDEA Community Edition 2023.3.2\lib\idea_rt.jar=54406:C:\Program Files\JetBrains\IntelliJ IDEA Community Edition 2023.3.2\bin -Dfile.encoding=UTF-8 
java_command: com.example.demo.SpotifyIntegrationApplicationKt
java_class_path (initial): C:\Users\joaoe\Documents\estudo-kotlin\spotify-api\demo\build\classes\kotlin\main;C:\Users\joaoe\Documents\estudo-kotlin\spotify-api\demo\build\resources\main;C:\Users\joaoe\.gradle\caches\modules-2\files-2.1\org.springframework.boot\spring-boot-starter-web\3.2.2\b89d213d9f49c3e6247b2503ac7d94b0ac8260f6\spring-boot-starter-web-3.2.2.jar;C:\Users\joaoe\.gradle\caches\modules-2\files-2.1\com.fasterxml.jackson.module\jackson-module-kotlin\2.15.3\36ea7813ada694e67f562ff1dc6f3b47883e373\jackson-module-kotlin-2.15.3.jar;C:\Users\joaoe\.gradle\caches\modules-2\files-2.1\org.jetbrains.kotlin\kotlin-reflect\1.9.22\761ab33cf85f03a3a24595e1b92639d82e7a9564\kotlin-reflect-1.9.22.jar;C:\Users\joaoe\.gradle\caches\modules-2\files-2.1\org.jetbrains.kotlin\kotlin-stdlib\1.9.22\d6c44cd08d8f3f9bece8101216dbe6553365c6e3\kotlin-stdlib-1.9.22.jar;C:\Users\joaoe\.gradle\caches\modules-2\files-2.1\org.springframework.cloud\spring-cloud-starter-openfeign\4.1.0\1ec867ae2e6f9f0bf06b8b65bc79df0b7573f7a3\spring-cloud-starter-openfeign-4.1.0.jar;C:\Users\joaoe\.gradle\caches\modules-2\files-2.1\org.springframework.boot\spring-boot-starter\3.2.2\dc04714f9295297f92fa8099eb51edc54dbe67db\spring-boot-starter-3.2.2.jar;C:\Users\joaoe\.gradle\caches\modules-2\files-2.1\org.json\json\20230227\7a0d4aca76513d8ce81f9b044ce8126b84809ad8\json-20230227.jar;C:\Users\joaoe\.gradle\caches\modules-2\files-2.1\org.springframework.boot\spring-boot-starter-json\3.2.2\328f5ce9e10d5f90520e72a3ff8a2586b9e46b37\spring-boot-starter-json-3.2.2.jar;C:\Users\joaoe\.gradle\caches\modules-2\files-2.1\org.springframework.boot\spring-boot-starter-tomcat\3.2.2\e22a0ba37910731b382f3fe47ad36aed20fad24d\spring-boot-starter-tomcat-3.2.2.jar;C:\Users\joaoe\.gradle\caches\modules-2\files-2.1\org.springframework\spring-webmvc\6.1.3\f4738a57787add6567e0679eebb1b499a11019cc\spring-webmvc-6.1.3.jar;C:\Users\joaoe\.gradle\caches\modules-2\files-2.1\org.springframework\spring-web\6.1.3\cc3459b4abd436331608ddb6
Launcher Type: SUN_STANDARD

[Global flags]
     intx CICompilerCount                          = 4                                         {product} {ergonomic}
     uint ConcGCThreads                            = 2                                         {product} {ergonomic}
     uint G1ConcRefinementThreads                  = 8                                         {product} {ergonomic}
   size_t G1HeapRegionSize                         = 2097152                                   {product} {ergonomic}
    uintx GCDrainStackTargetSize                   = 64                                        {product} {ergonomic}
   size_t InitialHeapSize                          = 266338304                                 {product} {ergonomic}
   size_t MarkStackSize                            = 4194304                                   {product} {ergonomic}
   size_t MaxHeapSize                              = 4259315712                                {product} {ergonomic}
   size_t MaxNewSize                               = 2554331136                                {product} {ergonomic}
   size_t MinHeapDeltaBytes                        = 2097152                                   {product} {ergonomic}
   size_t MinHeapSize                              = 8388608                                   {product} {ergonomic}
    uintx NonNMethodCodeHeapSize                   = 5839372                                {pd product} {ergonomic}
    uintx NonProfiledCodeHeapSize                  = 122909434                              {pd product} {ergonomic}
    uintx ProfiledCodeHeapSize                     = 122909434                              {pd product} {ergonomic}
    uintx ReservedCodeCacheSize                    = 251658240                              {pd product} {ergonomic}
     bool SegmentedCodeCache                       = true                                      {product} {ergonomic}
   size_t SoftMaxHeapSize                          = 4259315712                             {manageable} {ergonomic}
     bool UseCompressedClassPointers               = true                           {product lp64_product} {ergonomic}
     bool UseCompressedOops                        = true                           {product lp64_product} {ergonomic}
     bool UseG1GC                                  = true                                      {product} {ergonomic}
     bool UseLargePagesIndividualAllocation        = false                                  {pd product} {ergonomic}

Logging:
Log output configuration:
 #0: stdout all=warning uptime,level,tags
 #1: stderr all=off uptime,level,tags

Environment Variables:
PATH=C:\Program Files\Common Files\Oracle\Java\javapath;C:\Program Files (x86)\Common Files\Oracle\Java\javapath;C:\Windows\system32;C:\Windows;C:\Windows\System32\Wbem;C:\Windows\System32\WindowsPowerShell\v1.0\;C:\Windows\System32\OpenSSH\;C:\Program Files\Intel\WiFi\bin\;C:\Program Files\Common Files\Intel\WirelessCommon\;C:\ProgramData\chocolatey\bin;C:\WINDOWS\system32;C:\WINDOWS;C:\WINDOWS\System32\Wbem;C:\WINDOWS\System32\WindowsPowerShell\v1.0\;C:\WINDOWS\System32\OpenSSH\;C:\Program Files\dotnet\;C:\Program Files\NVIDIA Corporation\NVIDIA NvDLISR;C:\Program Files (x86)\NVIDIA Corporation\PhysX\Common;C:\Users\joaoe\.krew\bin;C:\WINDOWS\system32;C:\WINDOWS;C:\WINDOWS\System32\Wbem;C:\WINDOWS\System32\WindowsPowerShell\v1.0\;C:\WINDOWS\System32\OpenSSH\;C:\Program Files (x86)\Microsoft SQL Server\160\DTS\Binn\;C:\Program Files\Azure Data Studio\bin;C:\Program Files (x86)\Intel\Intel(R) Management Engine Components\DAL;C:\Program Files\Intel\Intel(R) Management Engine Components\DAL;C:\Program Files\Microsoft SQL Server\150\Tools\Binn\;C:\Program Files\Microsoft SQL Server\Client SDK\ODBC\170\Tools\Binn\;C:\Program Files\nodejs\;C:\Program Files\Git\cmd;C:\Users\joaoe\AppData\Local\Microsoft\WindowsApps;C:\Program Files\Salesforce CLI\bin;C:\Users\joaoe\AppData\Local\Programs\Microsoft VS Code\bin;C:\Users\joaoe\.krew\bin;C:\Program Files\Azure Data Studio\bin;C:\Users\joaoe\.dotnet\tools;C:\Users\joaoe\AppData\Roaming\npm
USERNAME=joaoe
OS=Windows_NT
PROCESSOR_IDENTIFIER=Intel64 Family 6 Model 142 Stepping 10, GenuineIntel



---------------  S Y S T E M  ---------------

OS:
 Windows 11 , 64 bit Build 22621 (10.0.22621.3672)
OS uptime: 1 days 5:26 hours
Hyper-V role detected

CPU: total 8 (initial active 8) (4 cores per cpu, 2 threads per core) family 6 model 142 stepping 10 microcode 0xf4, cx8, cmov, fxsr, ht, mmx, 3dnowpref, sse, sse2, sse3, ssse3, sse4.1, sse4.2, popcnt, lzcnt, tsc, tscinvbit, avx, avx2, aes, erms, clmul, bmi1, bmi2, rtm, adx, fma, vzeroupper, clflush, clflushopt, hv

Memory: 4k page, system-wide physical 16242M (1540M free)
TotalPageFile size 20338M (AvailPageFile size 18M)
current process WorkingSet (physical memory assigned to process): 184M, peak: 207M
current process commit charge ("private bytes"): 236M, peak: 409M

vm_info: Java HotSpot(TM) 64-Bit Server VM (17.0.10+11-LTS-240) for windows-amd64 JRE (17.0.10+11-LTS-240), built on Dec 19 2023 21:47:25 by "mach5one" with MS VC++ 17.1 (VS2022)

END.
