#
# There is insufficient memory for the Java Runtime Environment to continue.
# Native memory allocation (mmap) failed to map 4161536 bytes for G1 virtual space
# Possible reasons:
#   The system is out of physical RAM or swap space
#   The process is running with CompressedOops enabled, and the Java Heap may be blocking the growth of the native heap
# Possible solutions:
#   Reduce memory load on the system
#   Increase physical memory or swap space
#   Check if swap backing store is full
#   Decrease Java heap size (-Xmx/-Xms)
#   Decrease number of Java threads
#   Decrease Java thread stack sizes (-Xss)
#   Set larger code cache with -XX:ReservedCodeCacheSize=
#   JVM is running with Zero Based Compressed Oops mode in which the Java heap is
#     placed in the first 32GB address space. The Java Heap base address is the
#     maximum limit for the native heap growth. Please use -XX:HeapBaseMinAddress
#     to set the Java Heap base and to place the Java Heap above 32GB virtual address.
# This output file may be truncated or incomplete.
#
#  Out of Memory Error (os_windows.cpp:3613), pid=13796, tid=23968
#
# JRE version:  (17.0.10+7) (build )
# Java VM: OpenJDK 64-Bit Server VM (17.0.10+7-LTS, mixed mode, sharing, tiered, compressed oops, compressed class ptrs, g1 gc, windows-amd64)
# No core dump will be written. Minidumps are not enabled by default on client versions of Windows
#

---------------  S U M M A R Y ------------

Command Line: org.jetbrains.kotlin.cli.jvm.K2JVMCompiler @C:\Users\joaoe\Desktop\Projeto Spotify\demo\build\20240124_7129391612973396647.compiler.options

Host: Intel(R) Core(TM) i7-8650U CPU @ 1.90GHz, 8 cores, 15G,  Windows 11 , 64 bit Build 22621 (10.0.22621.2506)
Time: Wed Jan 24 11:44:32 2024 Hora Padrão de Buenos Aires elapsed time: 0.086905 seconds (0d 0h 0m 0s)

---------------  T H R E A D  ---------------

Current thread (0x000001d98acfdb40):  JavaThread "Unknown thread" [_thread_in_vm, id=23968, stack(0x000000c78ff00000,0x000000c790000000)]

Stack: [0x000000c78ff00000,0x000000c790000000]
Native frames: (J=compiled Java code, j=interpreted, Vv=VM code, C=native code)
V  [jvm.dll+0x67d2c9]
V  [jvm.dll+0x834b1a]
V  [jvm.dll+0x8365de]
V  [jvm.dll+0x836c43]
V  [jvm.dll+0x2477ff]
V  [jvm.dll+0x67a109]
V  [jvm.dll+0x66eb7a]
V  [jvm.dll+0x30764b]
V  [jvm.dll+0x30eaf6]
V  [jvm.dll+0x35e853]
V  [jvm.dll+0x35ea6f]
V  [jvm.dll+0x2de248]
V  [jvm.dll+0x2df1b4]
V  [jvm.dll+0x806381]
V  [jvm.dll+0x36c6f1]
V  [jvm.dll+0x7e4e26]
V  [jvm.dll+0x3eff3f]
V  [jvm.dll+0x3f1b71]
C  [jli.dll+0x528f]
C  [ucrtbase.dll+0x29363]
C  [KERNEL32.DLL+0x1257d]
C  [ntdll.dll+0x5aa58]


---------------  P R O C E S S  ---------------

Threads class SMR info:
_java_thread_list=0x00007ffe3050ee98, length=0, elements={
}

Java Threads: ( => current thread )

Other Threads:
  0x000001d98ad69630 GCTaskThread "GC Thread#0" [stack: 0x000000c790000000,0x000000c790100000] [id=16420]
  0x000001d98ad7b360 ConcurrentGCThread "G1 Main Marker" [stack: 0x000000c790100000,0x000000c790200000] [id=5096]
  0x000001d98ad7c520 ConcurrentGCThread "G1 Conc#0" [stack: 0x000000c790200000,0x000000c790300000] [id=16700]

[error occurred during error reporting (printing all threads), id 0xc0000005, EXCEPTION_ACCESS_VIOLATION (0xc0000005) at pc=0x00007ffe2fccec87]

VM state: not at safepoint (not fully initialized)

VM Mutex/Monitor currently owned by a thread:  ([mutex/lock_event])
[0x000001d98acfa370] Heap_lock - owner thread: 0x000001d98acfdb40

Heap address: 0x0000000702200000, size: 4062 MB, Compressed Oops mode: Zero based, Oop shift amount: 3

CDS archive(s) mapped at: [0x0000000000000000-0x0000000000000000-0x0000000000000000), size 0, SharedBaseAddress: 0x0000000800000000, ArchiveRelocationMode: 1.
Narrow klass base: 0x0000000000000000, Narrow klass shift: 0, Narrow klass range: 0x0

GC Precious Log:
<Empty>

Heap:
 garbage-first heap   total 0K, used 0K [0x0000000702200000, 0x0000000800000000)
  region size 2048K, 0 young (0K), 0 survivors (0K)

[error occurred during error reporting (printing heap information), id 0xc0000005, EXCEPTION_ACCESS_VIOLATION (0xc0000005) at pc=0x00007ffe300b6fb9]

GC Heap History (0 events):
No events

Dll operation events (1 events):
Event: 0.025 Loaded shared library C:\Users\joaoe\.jdks\corretto-17.0.10\bin\java.dll

Deoptimization events (0 events):
No events

Classes unloaded (0 events):
No events

Classes redefined (0 events):
No events

Internal exceptions (0 events):
No events

VM Operations (0 events):
No events

Events (0 events):
No events


Dynamic libraries:
0x00007ff7df720000 - 0x00007ff7df72e000 	C:\Users\joaoe\.jdks\corretto-17.0.10\bin\java.exe
0x00007ffeddf50000 - 0x00007ffede167000 	C:\WINDOWS\SYSTEM32\ntdll.dll
0x00007ffedc690000 - 0x00007ffedc754000 	C:\WINDOWS\System32\KERNEL32.DLL
0x00007ffedb6b0000 - 0x00007ffedba56000 	C:\WINDOWS\System32\KERNELBASE.dll
0x00007ffed8630000 - 0x00007ffed86c7000 	C:\WINDOWS\SYSTEM32\apphelp.dll
0x00007ffedb290000 - 0x00007ffedb3a1000 	C:\WINDOWS\System32\ucrtbase.dll
0x00007ffeae5a0000 - 0x00007ffeae5b7000 	C:\Users\joaoe\.jdks\corretto-17.0.10\bin\jli.dll
0x00007ffea9800000 - 0x00007ffea981b000 	C:\Users\joaoe\.jdks\corretto-17.0.10\bin\VCRUNTIME140.dll
0x00007ffedd2a0000 - 0x00007ffedd44e000 	C:\WINDOWS\System32\USER32.dll
0x00007ffebdba0000 - 0x00007ffebde33000 	C:\WINDOWS\WinSxS\amd64_microsoft.windows.common-controls_6595b64144ccf1df_6.0.22621.2506_none_270c5ae97388e100\COMCTL32.dll
0x00007ffedbc70000 - 0x00007ffedbc96000 	C:\WINDOWS\System32\win32u.dll
0x00007ffedcb40000 - 0x00007ffedcbe7000 	C:\WINDOWS\System32\msvcrt.dll
0x00007ffedc770000 - 0x00007ffedc799000 	C:\WINDOWS\System32\GDI32.dll
0x00007ffedb590000 - 0x00007ffedb6a8000 	C:\WINDOWS\System32\gdi32full.dll
0x00007ffedba60000 - 0x00007ffedbafa000 	C:\WINDOWS\System32\msvcp_win.dll
0x00007ffedded0000 - 0x00007ffeddf01000 	C:\WINDOWS\System32\IMM32.DLL
0x00007ffeb9450000 - 0x00007ffeb945c000 	C:\Users\joaoe\.jdks\corretto-17.0.10\bin\vcruntime140_1.dll
0x00007ffe6c650000 - 0x00007ffe6c6dd000 	C:\Users\joaoe\.jdks\corretto-17.0.10\bin\msvcp140.dll
0x00007ffe2f9e0000 - 0x00007ffe30642000 	C:\Users\joaoe\.jdks\corretto-17.0.10\bin\server\jvm.dll
0x00007ffedc300000 - 0x00007ffedc3b3000 	C:\WINDOWS\System32\ADVAPI32.dll
0x00007ffedc4c0000 - 0x00007ffedc568000 	C:\WINDOWS\System32\sechost.dll
0x00007ffedb560000 - 0x00007ffedb588000 	C:\WINDOWS\System32\bcrypt.dll
0x00007ffedd450000 - 0x00007ffedd567000 	C:\WINDOWS\System32\RPCRT4.dll
0x00007ffeda0d0000 - 0x00007ffeda11d000 	C:\WINDOWS\SYSTEM32\POWRPROF.dll
0x00007ffeafd50000 - 0x00007ffeafd59000 	C:\WINDOWS\SYSTEM32\WSOCK32.dll
0x00007ffedd220000 - 0x00007ffedd291000 	C:\WINDOWS\System32\WS2_32.dll
0x00007ffed40a0000 - 0x00007ffed40aa000 	C:\WINDOWS\SYSTEM32\VERSION.dll
0x00007ffed3690000 - 0x00007ffed36c4000 	C:\WINDOWS\SYSTEM32\WINMM.dll
0x00007ffeda0b0000 - 0x00007ffeda0c3000 	C:\WINDOWS\SYSTEM32\UMPDC.dll
0x00007ffeda370000 - 0x00007ffeda388000 	C:\WINDOWS\SYSTEM32\kernel.appcore.dll
0x00007ffeb8bb0000 - 0x00007ffeb8bba000 	C:\Users\joaoe\.jdks\corretto-17.0.10\bin\jimage.dll
0x00007ffed38c0000 - 0x00007ffed3af3000 	C:\WINDOWS\SYSTEM32\DBGHELP.DLL
0x00007ffedc7b0000 - 0x00007ffedcb39000 	C:\WINDOWS\System32\combase.dll
0x00007ffedc3e0000 - 0x00007ffedc4b7000 	C:\WINDOWS\System32\OLEAUT32.dll
0x00007ffeadb50000 - 0x00007ffeadb82000 	C:\WINDOWS\SYSTEM32\dbgcore.DLL
0x00007ffedb420000 - 0x00007ffedb49a000 	C:\WINDOWS\System32\bcryptPrimitives.dll
0x00007ffe93d30000 - 0x00007ffe93d55000 	C:\Users\joaoe\.jdks\corretto-17.0.10\bin\java.dll

dbghelp: loaded successfully - version: 4.0.5 - missing functions: none
symbol engine: initialized successfully - sym options: 0x614 - pdb path: .;C:\Users\joaoe\.jdks\corretto-17.0.10\bin;C:\WINDOWS\SYSTEM32;C:\WINDOWS\WinSxS\amd64_microsoft.windows.common-controls_6595b64144ccf1df_6.0.22621.2506_none_270c5ae97388e100;C:\Users\joaoe\.jdks\corretto-17.0.10\bin\server

VM Arguments:
java_command: org.jetbrains.kotlin.cli.jvm.K2JVMCompiler @C:\Users\joaoe\Desktop\Projeto Spotify\demo\build\20240124_7129391612973396647.compiler.options
java_class_path (initial): C:\Users\joaoe\.gradle\caches\modules-2\files-2.1\org.jetbrains.kotlin\kotlin-compiler-embeddable\1.9.22\9cd4dc7773cf2a99ecd961a88fbbc9a2da3fb5e1\kotlin-compiler-embeddable-1.9.22.jar;C:\Users\joaoe\.gradle\caches\modules-2\files-2.1\org.jetbrains.kotlin\kotlin-stdlib\1.9.22\d6c44cd08d8f3f9bece8101216dbe6553365c6e3\kotlin-stdlib-1.9.22.jar;C:\Users\joaoe\.gradle\caches\modules-2\files-2.1\org.jetbrains.kotlin\kotlin-script-runtime\1.9.22\f8139a46fc677ec9badc49ae954392f4f5e7e7c7\kotlin-script-runtime-1.9.22.jar;C:\Users\joaoe\.gradle\caches\modules-2\files-2.1\org.jetbrains.kotlin\kotlin-reflect\1.9.22\761ab33cf85f03a3a24595e1b92639d82e7a9564\kotlin-reflect-1.9.22.jar;C:\Users\joaoe\.gradle\caches\modules-2\files-2.1\org.jetbrains.kotlin\kotlin-daemon-embeddable\1.9.22\20e2c5df715f3240c765cfc222530e2796542021\kotlin-daemon-embeddable-1.9.22.jar;C:\Users\joaoe\.gradle\caches\modules-2\files-2.1\org.jetbrains.intellij.deps\trove4j\1.0.20200330\3afb14d5f9ceb459d724e907a21145e8ff394f02\trove4j-1.0.20200330.jar;C:\Users\joaoe\.gradle\caches\modules-2\files-2.1\org.jetbrains\annotations\13.0\919f0dfe192fb4e063e7dacadee7f8bb9a2672a9\annotations-13.0.jar
Launcher Type: SUN_STANDARD

[Global flags]
     intx CICompilerCount                          = 4                                         {product} {ergonomic}
     uint ConcGCThreads                            = 2                                         {product} {ergonomic}
     uint G1ConcRefinementThreads                  = 8                                         {product} {ergonomic}
   size_t G1HeapRegionSize                         = 2097152                                   {product} {ergonomic}
    uintx GCDrainStackTargetSize                   = 64                                        {product} {ergonomic}
   size_t InitialHeapSize                          = 266338304                                 {product} {ergonomic}
   size_t MarkStackSize                            = 4194304                                   {product} {ergonomic}
   size_t MaxHeapSize                              = 4259315712                                {product} {ergonomic}
   size_t MinHeapDeltaBytes                        = 2097152                                   {product} {ergonomic}
   size_t MinHeapSize                              = 8388608                                   {product} {ergonomic}
    uintx NonNMethodCodeHeapSize                   = 5839372                                {pd product} {ergonomic}
    uintx NonProfiledCodeHeapSize                  = 122909434                              {pd product} {ergonomic}
    uintx ProfiledCodeHeapSize                     = 122909434                              {pd product} {ergonomic}
    uintx ReservedCodeCacheSize                    = 251658240                              {pd product} {ergonomic}
     bool SegmentedCodeCache                       = true                                      {product} {ergonomic}
   size_t SoftMaxHeapSize                          = 4259315712                             {manageable} {ergonomic}
     bool UseCompressedClassPointers               = true                           {product lp64_product} {ergonomic}
     bool UseCompressedOops                        = true                           {product lp64_product} {ergonomic}
     bool UseG1GC                                  = true                                      {product} {ergonomic}
     bool UseLargePagesIndividualAllocation        = false                                  {pd product} {ergonomic}

Logging:
Log output configuration:
 #0: stdout all=warning uptime,level,tags
 #1: stderr all=off uptime,level,tags

Environment Variables:
PATH=C:\Program Files\Google\Chrome\Application;C:\Program Files (x86)\Common Files\Oracle\Java\javapath;C:\Windows\system32;C:\Windows;C:\Windows\System32\Wbem;C:\Windows\System32\WindowsPowerShell\v1.0\;C:\Windows\System32\OpenSSH\;C:\Program Files\Intel\WiFi\bin\;C:\Program Files\Common Files\Intel\WirelessCommon\;C:\Program Files\Git\cmd;C:\ProgramData\chocolatey\bin;C:\WINDOWS\system32;C:\WINDOWS;C:\WINDOWS\System32\Wbem;C:\WINDOWS\System32\WindowsPowerShell\v1.0\;C:\WINDOWS\System32\OpenSSH\;C:\Program Files\dotnet\;C:\Program Files\NVIDIA Corporation\NVIDIA NvDLISR;C:\Program Files (x86)\NVIDIA Corporation\PhysX\Common;C:\Users\joaoe\.krew\bin;;C:\WINDOWS\system32;C:\WINDOWS;C:\WINDOWS\System32\Wbem;C:\WINDOWS\System32\WindowsPowerShell\v1.0\;C:\WINDOWS\System32\OpenSSH\;C:\Program Files (x86)\Microsoft SQL Server\160\DTS\Binn\;C:\Program Files\Azure Data Studio\bin;C:\Program Files (x86)\Intel\Intel(R) Management Engine Components\DAL;C:\Program Files\Intel\Intel(R) Management Engine Components\DAL;C:\Users\joaoe\AppData\Local\Microsoft\WindowsApps;C:\Users\joaoe\AppData\Local\Programs\Microsoft VS Code\bin;C:\Program Files\Salesforce CLI\bin;C:\Users\joaoe\.krew\bin;;C:\Program Files\Azure Data Studio\bin
USERNAME=joaoe
OS=Windows_NT
PROCESSOR_IDENTIFIER=Intel64 Family 6 Model 142 Stepping 10, GenuineIntel
TMP=C:\Users\joaoe\AppData\Local\Temp
TEMP=C:\Users\joaoe\AppData\Local\Temp



Periodic native trim disabled


---------------  S Y S T E M  ---------------

OS:
 Windows 11 , 64 bit Build 22621 (10.0.22621.2506)
OS uptime: 8 days 20:02 hours
Hyper-V role detected

CPU: total 8 (initial active 8) (4 cores per cpu, 2 threads per core) family 6 model 142 stepping 10 microcode 0xec, cx8, cmov, fxsr, ht, mmx, 3dnowpref, sse, sse2, sse3, ssse3, sse4.1, sse4.2, popcnt, lzcnt, tsc, tscinvbit, avx, avx2, aes, erms, clmul, bmi1, bmi2, rtm, adx, fma, vzeroupper, clflush, clflushopt, hv
Processor Information for all 8 processors :
  Max Mhz: 2112, Current Mhz: 1910, Mhz Limit: 1900

Memory: 4k page, system-wide physical 16242M (467M free)
TotalPageFile size 20338M (AvailPageFile size 5M)
current process WorkingSet (physical memory assigned to process): 12M, peak: 12M
current process commit charge ("private bytes"): 315M, peak: 319M

vm_info: OpenJDK 64-Bit Server VM (17.0.10+7-LTS) for windows-amd64 JRE (17.0.10+7-LTS), built on Jan 10 2024 22:11:07 by "Administrator" with MS VC++ 16.10 / 16.11 (VS2019)

END.
